android/app/build/intermediates/manifest_merge_blame_file/release/processReleaseMainManifest/manifest-merger-blame-release-report.txt
1<?xml version="1.0" encoding="utf-8"?>
2<manifest xmlns:android="http://schemas.android.com/apk/res/android"
3    package="com.xipher.wrapper"
4    android:versionCode="123"
5    android:versionName="1.2.3" >
6
7    <uses-sdk
8        android:minSdkVersion="26"
9        android:targetSdkVersion="35" />
10
11    <uses-permission android:name="android.permission.INTERNET" />
11-->src/main/AndroidManifest.xml:5:5-67
11-->src/main/AndroidManifest.xml:5:22-64
12    <uses-permission android:name="android.permission.ACCESS_NETWORK_STATE" />
12-->src/main/AndroidManifest.xml:6:5-79
12-->src/main/AndroidManifest.xml:6:22-76
13    <uses-permission
13-->src/main/AndroidManifest.xml:7:5-108
14        android:name="android.permission.WRITE_EXTERNAL_STORAGE"
14-->src/main/AndroidManifest.xml:7:22-78
15        android:maxSdkVersion="28" />
15-->src/main/AndroidManifest.xml:7:79-105
16    <uses-permission android:name="android.permission.POST_NOTIFICATIONS" />
16-->src/main/AndroidManifest.xml:8:5-77
16-->src/main/AndroidManifest.xml:8:22-74
17    <uses-permission android:name="android.permission.RECORD_AUDIO" />
17-->src/main/AndroidManifest.xml:9:5-71
17-->src/main/AndroidManifest.xml:9:22-68
18    <uses-permission android:name="android.permission.CAMERA" />
18-->src/main/AndroidManifest.xml:10:5-65
18-->src/main/AndroidManifest.xml:10:22-62
19    <uses-permission android:name="android.permission.USE_FULL_SCREEN_INTENT" />
19-->src/main/AndroidManifest.xml:11:5-81
19-->src/main/AndroidManifest.xml:11:22-78
20    <uses-permission android:name="android.permission.MODIFY_AUDIO_SETTINGS" />
20-->src/main/AndroidManifest.xml:12:5-80
20-->src/main/AndroidManifest.xml:12:22-77
21    <uses-permission android:name="android.permission.VIBRATE" />
21-->src/main/AndroidManifest.xml:13:5-66
21-->src/main/AndroidManifest.xml:13:22-63
22    <uses-permission android:name="android.permission.ACCESS_FINE_LOCATION" />
22-->src/main/AndroidManifest.xml:14:5-79
22-->src/main/AndroidManifest.xml:14:22-76
23    <uses-permission android:name="android.permission.ACCESS_COARSE_LOCATION" />
23-->src/main/AndroidManifest.xml:15:5-81
23-->src/main/AndroidManifest.xml:15:22-78
24    <uses-permission android:name="android.permission.FOREGROUND_SERVICE" />
24-->src/main/AndroidManifest.xml:16:5-77
24-->src/main/AndroidManifest.xml:16:22-74
25    <uses-permission android:name="android.permission.FOREGROUND_SERVICE_LOCATION" />
25-->src/main/AndroidManifest.xml:17:5-86
25-->src/main/AndroidManifest.xml:17:22-83
26    <uses-permission android:name="android.permission.RECEIVE_BOOT_COMPLETED" />
26-->src/main/AndroidManifest.xml:18:5-81
26-->src/main/AndroidManifest.xml:18:22-78
27    <uses-permission android:name="android.permission.WAKE_LOCK" /> <!-- Required by older versions of Google Play services to create IID tokens -->
27-->[com.google.firebase:firebase-messaging:25.0.1] AndroidManifest.xml:24:5-68
27-->[com.google.firebase:firebase-messaging:25.0.1] AndroidManifest.xml:24:22-65
28    <uses-permission android:name="com.google.android.c2dm.permission.RECEIVE" />
28-->[com.google.firebase:firebase-messaging:25.0.1] AndroidManifest.xml:26:5-82
28-->[com.google.firebase:firebase-messaging:25.0.1] AndroidManifest.xml:26:22-79
29
30    <queries>
30-->[ru.rustore.sdk:pushclient:7.0.0] AndroidManifest.xml:11:5-20:15
31        <package android:name="ru.vk.store" />
31-->[ru.rustore.sdk:pushclient:7.0.0] AndroidManifest.xml:12:9-47
31-->[ru.rustore.sdk:pushclient:7.0.0] AndroidManifest.xml:12:18-44
32
33        <intent>
33-->[ru.rustore.sdk:pushclient:7.0.0] AndroidManifest.xml:14:9-16:18
34            <action android:name="com.vk.push.HOST_SERVICE" />
34-->[ru.rustore.sdk:pushclient:7.0.0] AndroidManifest.xml:15:13-63
34-->[ru.rustore.sdk:pushclient:7.0.0] AndroidManifest.xml:15:21-60
35        </intent>
36        <intent>
36-->[ru.rustore.sdk:pushclient:7.0.0] AndroidManifest.xml:17:9-19:18
37            <action android:name="com.vk.push.GET_DEVICE_ID" />
37-->[ru.rustore.sdk:pushclient:7.0.0] AndroidManifest.xml:18:13-64
37-->[ru.rustore.sdk:pushclient:7.0.0] AndroidManifest.xml:18:21-61
38        </intent>
39
40        <package android:name="ru.vk.store.qa" /> <!-- Internet browser activities. -->
40-->[ru.rustore.sdk:core:8.0.0] AndroidManifest.xml:9:9-50
40-->[ru.rustore.sdk:core:8.0.0] AndroidManifest.xml:9:18-47
41        <intent>
41-->[ru.rustore.sdk:core:8.0.0] AndroidManifest.xml:12:9-18:18
42            <action android:name="android.intent.action.VIEW" />
42-->[ru.rustore.sdk:core:8.0.0] AndroidManifest.xml:13:13-65
42-->[ru.rustore.sdk:core:8.0.0] AndroidManifest.xml:13:21-62
43
44            <category android:name="android.intent.category.BROWSABLE" />
44-->[ru.rustore.sdk:core:8.0.0] AndroidManifest.xml:15:13-74
44-->[ru.rustore.sdk:core:8.0.0] AndroidManifest.xml:15:23-71
45
46            <data android:scheme="https" />
46-->[ru.rustore.sdk:core:8.0.0] AndroidManifest.xml:17:13-44
46-->[ru.rustore.sdk:core:8.0.0] AndroidManifest.xml:17:19-41
47        </intent>
48        <intent>
48-->[ru.rustore.sdk:core:8.0.0] AndroidManifest.xml:19:9-21:18
49            <action android:name="ru.vk.store.RequestIgnoreBatteryOptimizations" />
49-->[ru.rustore.sdk:core:8.0.0] AndroidManifest.xml:20:13-84
49-->[ru.rustore.sdk:core:8.0.0] AndroidManifest.xml:20:21-81
50        </intent>
51    </queries>
52
53    <uses-feature
53-->[com.yandex.android:maps.mobile:4.9.0-full] AndroidManifest.xml:13:5-15:35
54        android:glEsVersion="0x00020000"
54-->[com.yandex.android:maps.mobile:4.9.0-full] AndroidManifest.xml:14:9-41
55        android:required="true" />
55-->[com.yandex.android:maps.mobile:4.9.0-full] AndroidManifest.xml:15:9-32
56
57    <uses-permission android:name="android.permission.ACCESS_WIFI_STATE" />
57-->[com.yandex.android:maps.mobile:4.9.0-full] AndroidManifest.xml:19:5-76
57-->[com.yandex.android:maps.mobile:4.9.0-full] AndroidManifest.xml:19:22-73
58    <uses-permission android:name="android.permission.CHANGE_WIFI_STATE" />
58-->[com.yandex.android:maps.mobile:4.9.0-full] AndroidManifest.xml:20:5-76
58-->[com.yandex.android:maps.mobile:4.9.0-full] AndroidManifest.xml:20:22-73
59
60    <permission
60-->[androidx.core:core:1.13.0] AndroidManifest.xml:22:5-24:47
61        android:name="com.xipher.wrapper.DYNAMIC_RECEIVER_NOT_EXPORTED_PERMISSION"
61-->[androidx.core:core:1.13.0] AndroidManifest.xml:23:9-81
62        android:protectionLevel="signature" />
62-->[androidx.core:core:1.13.0] AndroidManifest.xml:24:9-44
63
64    <uses-permission android:name="com.xipher.wrapper.DYNAMIC_RECEIVER_NOT_EXPORTED_PERMISSION" />
64-->[androidx.core:core:1.13.0] AndroidManifest.xml:26:5-97
64-->[androidx.core:core:1.13.0] AndroidManifest.xml:26:22-94
65
66    <application
66-->src/main/AndroidManifest.xml:20:5-206:19
67        android:name="com.xipher.wrapper.XipherApp"
67-->src/main/AndroidManifest.xml:21:9-52
68        android:allowBackup="false"
68-->src/main/AndroidManifest.xml:22:9-36
69        android:appComponentFactory="androidx.core.app.CoreComponentFactory"
69-->[androidx.core:core:1.13.0] AndroidManifest.xml:28:18-86
70        android:dataExtractionRules="@xml/backup_rules"
70-->src/main/AndroidManifest.xml:24:9-56
71        android:extractNativeLibs="true"
72        android:fullBackupContent="@xml/backup_rules"
72-->src/main/AndroidManifest.xml:23:9-54
73        android:hardwareAccelerated="true"
73-->src/main/AndroidManifest.xml:25:9-43
74        android:icon="@mipmap/ic_launcher"
74-->src/main/AndroidManifest.xml:26:9-43
75        android:label="Xipher"
75-->src/main/AndroidManifest.xml:27:9-31
76        android:networkSecurityConfig="@xml/network_security_config"
76-->src/main/AndroidManifest.xml:31:9-69
77        android:roundIcon="@mipmap/ic_launcher"
77-->src/main/AndroidManifest.xml:28:9-48
78        android:supportsRtl="true"
78-->src/main/AndroidManifest.xml:29:9-35
79        android:theme="@style/Theme.Xipher"
79-->src/main/AndroidManifest.xml:32:9-44
80        android:usesCleartextTraffic="false" >
80-->src/main/AndroidManifest.xml:30:9-45
81        <meta-data
81-->src/main/AndroidManifest.xml:35:9-37:48
82            android:name="com.google.firebase.messaging.default_notification_channel_id"
82-->src/main/AndroidManifest.xml:36:13-89
83            android:value="channel_messages" />
83-->src/main/AndroidManifest.xml:37:13-45
84        <meta-data
84-->src/main/AndroidManifest.xml:38:9-40:61
85            android:name="com.google.firebase.messaging.default_notification_icon"
85-->src/main/AndroidManifest.xml:39:13-83
86            android:resource="@drawable/ic_notifications" />
86-->src/main/AndroidManifest.xml:40:13-58
87        <meta-data
87-->src/main/AndroidManifest.xml:41:9-43:48
88            android:name="ru.rustore.sdk.pushclient.default_notification_channel_id"
88-->src/main/AndroidManifest.xml:42:13-85
89            android:value="channel_messages" />
89-->src/main/AndroidManifest.xml:43:13-45
90        <meta-data
90-->src/main/AndroidManifest.xml:44:9-46:61
91            android:name="ru.rustore.sdk.pushclient.default_notification_icon"
91-->src/main/AndroidManifest.xml:45:13-79
92            android:resource="@drawable/ic_notifications" />
92-->src/main/AndroidManifest.xml:46:13-58
93        <!-- RuStore Project ID loaded from BuildConfig, not hardcoded -->
94        <meta-data
95            android:name="ru.rustore.sdk.pushclient.project_id"
95-->src/main/AndroidManifest.xml:49:13-64
96            android:value="PFVzPsxiSQNjge5R9jUFuMGXskX4Pc-G" />
96-->src/main/AndroidManifest.xml:50:13-50
97
98        <activity
98-->src/main/AndroidManifest.xml:56:9-64:20
99            android:name="com.xipher.wrapper.ui.AuthActivity"
99-->src/main/AndroidManifest.xml:57:13-62
100            android:exported="true"
100-->src/main/AndroidManifest.xml:58:13-36
101            android:windowSoftInputMode="adjustResize" >
101-->src/main/AndroidManifest.xml:59:13-55
102            <intent-filter>
102-->src/main/AndroidManifest.xml:60:13-63:29
103                <action android:name="android.intent.action.MAIN" />
103-->src/main/AndroidManifest.xml:61:17-69
103-->src/main/AndroidManifest.xml:61:25-66
104
105                <category android:name="android.intent.category.LAUNCHER" />
105-->src/main/AndroidManifest.xml:62:17-77
105-->src/main/AndroidManifest.xml:62:27-74
106            </intent-filter>
107        </activity>
108        <activity
108-->src/main/AndroidManifest.xml:65:9-68:58
109            android:name="com.xipher.wrapper.ui.PinUnlockActivity"
109-->src/main/AndroidManifest.xml:66:13-67
110            android:exported="false"
110-->src/main/AndroidManifest.xml:67:13-37
111            android:windowSoftInputMode="adjustResize" />
111-->src/main/AndroidManifest.xml:68:13-55
112        <activity
112-->src/main/AndroidManifest.xml:69:9-72:58
113            android:name="com.xipher.wrapper.ui.ChatActivity"
113-->src/main/AndroidManifest.xml:70:13-62
114            android:exported="false"
114-->src/main/AndroidManifest.xml:71:13-37
115            android:windowSoftInputMode="adjustResize" />
115-->src/main/AndroidManifest.xml:72:13-55
116        <activity
116-->src/main/AndroidManifest.xml:73:9-75:40
117            android:name="com.xipher.wrapper.ui.CallsActivity"
117-->src/main/AndroidManifest.xml:74:13-63
118            android:exported="false" />
118-->src/main/AndroidManifest.xml:75:13-37
119        <activity
119-->src/main/AndroidManifest.xml:76:9-79:58
120            android:name="com.xipher.wrapper.ui.RegisterActivity"
120-->src/main/AndroidManifest.xml:77:13-66
121            android:exported="false"
121-->src/main/AndroidManifest.xml:78:13-37
122            android:windowSoftInputMode="adjustResize" />
122-->src/main/AndroidManifest.xml:79:13-55
123        <activity
123-->src/main/AndroidManifest.xml:80:9-83:58
124            android:name="com.xipher.wrapper.ui.ChatDetailActivity"
124-->src/main/AndroidManifest.xml:81:13-68
125            android:exported="false"
125-->src/main/AndroidManifest.xml:82:13-37
126            android:windowSoftInputMode="adjustResize" />
126-->src/main/AndroidManifest.xml:83:13-55
127        <activity
127-->src/main/AndroidManifest.xml:84:9-87:58
128            android:name="com.xipher.wrapper.ui.ProfileActivity"
128-->src/main/AndroidManifest.xml:85:13-65
129            android:exported="false"
129-->src/main/AndroidManifest.xml:86:13-37
130            android:windowSoftInputMode="adjustResize" />
130-->src/main/AndroidManifest.xml:87:13-55
131        <activity
131-->src/main/AndroidManifest.xml:88:9-91:58
132            android:name="com.xipher.wrapper.ui.ChannelInfoActivity"
132-->src/main/AndroidManifest.xml:89:13-69
133            android:exported="false"
133-->src/main/AndroidManifest.xml:90:13-37
134            android:windowSoftInputMode="adjustResize" />
134-->src/main/AndroidManifest.xml:91:13-55
135        <activity
135-->src/main/AndroidManifest.xml:92:9-95:58
136            android:name="com.xipher.wrapper.ui.ChannelManagementActivity"
136-->src/main/AndroidManifest.xml:93:13-75
137            android:exported="false"
137-->src/main/AndroidManifest.xml:94:13-37
138            android:windowSoftInputMode="adjustResize" />
138-->src/main/AndroidManifest.xml:95:13-55
139        <activity
139-->src/main/AndroidManifest.xml:96:9-99:58
140            android:name="com.xipher.wrapper.ui.ChannelAdminPermissionsActivity"
140-->src/main/AndroidManifest.xml:97:13-81
141            android:exported="false"
141-->src/main/AndroidManifest.xml:98:13-37
142            android:windowSoftInputMode="adjustResize" />
142-->src/main/AndroidManifest.xml:99:13-55
143        <activity
143-->src/main/AndroidManifest.xml:100:9-103:58
144            android:name="com.xipher.wrapper.ui.GroupInfoActivity"
144-->src/main/AndroidManifest.xml:101:13-67
145            android:exported="false"
145-->src/main/AndroidManifest.xml:102:13-37
146            android:windowSoftInputMode="adjustResize" />
146-->src/main/AndroidManifest.xml:103:13-55
147        <activity
147-->src/main/AndroidManifest.xml:104:9-107:58
148            android:name="com.xipher.wrapper.ui.AdminPermissionsActivity"
148-->src/main/AndroidManifest.xml:105:13-74
149            android:exported="false"
149-->src/main/AndroidManifest.xml:106:13-37
150            android:windowSoftInputMode="adjustResize" />
150-->src/main/AndroidManifest.xml:107:13-55
151        <activity
151-->src/main/AndroidManifest.xml:108:9-110:40
152            android:name="com.xipher.wrapper.ui.NotificationsSettingsActivity"
152-->src/main/AndroidManifest.xml:109:13-79
153            android:exported="false" />
153-->src/main/AndroidManifest.xml:110:13-37
154        <activity
154-->src/main/AndroidManifest.xml:111:9-114:58
155            android:name="com.xipher.wrapper.wallet.WalletActivity"
155-->src/main/AndroidManifest.xml:112:13-68
156            android:exported="false"
156-->src/main/AndroidManifest.xml:113:13-37
157            android:windowSoftInputMode="adjustResize" />
157-->src/main/AndroidManifest.xml:114:13-55
158        <activity
158-->src/main/AndroidManifest.xml:115:9-117:40
159            android:name="com.xipher.wrapper.ui.PrivacySecurityActivity"
159-->src/main/AndroidManifest.xml:116:13-73
160            android:exported="false" />
160-->src/main/AndroidManifest.xml:117:13-37
161        <activity
161-->src/main/AndroidManifest.xml:118:9-120:40
162            android:name="com.xipher.wrapper.ui.LanguageActivity"
162-->src/main/AndroidManifest.xml:119:13-66
163            android:exported="false" />
163-->src/main/AndroidManifest.xml:120:13-37
164        <activity
164-->src/main/AndroidManifest.xml:121:9-123:58
165            android:name="com.xipher.wrapper.ui.ChannelCatalogActivity"
165-->src/main/AndroidManifest.xml:121:30-89
166            android:exported="false"
166-->src/main/AndroidManifest.xml:122:13-37
167            android:windowSoftInputMode="adjustResize" />
167-->src/main/AndroidManifest.xml:123:13-55
168        <activity
168-->src/main/AndroidManifest.xml:124:9-125:40
169            android:name="com.xipher.wrapper.ui.PremiumActivity"
169-->src/main/AndroidManifest.xml:124:30-82
170            android:exported="false" />
170-->src/main/AndroidManifest.xml:125:13-37
171        <activity
171-->src/main/AndroidManifest.xml:126:9-128:40
172            android:name="com.xipher.wrapper.ui.PremiumPaymentActivity"
172-->src/main/AndroidManifest.xml:127:13-72
173            android:exported="false" />
173-->src/main/AndroidManifest.xml:128:13-37
174        <activity
174-->src/main/AndroidManifest.xml:129:9-131:40
175            android:name="com.xipher.wrapper.ui.FaqActivity"
175-->src/main/AndroidManifest.xml:130:13-61
176            android:exported="false" />
176-->src/main/AndroidManifest.xml:131:13-37
177        <activity
177-->src/main/AndroidManifest.xml:132:9-134:40
178            android:name="com.xipher.wrapper.ui.ImagePreviewActivity"
178-->src/main/AndroidManifest.xml:133:13-70
179            android:exported="false" />
179-->src/main/AndroidManifest.xml:134:13-37
180        <activity
180-->src/main/AndroidManifest.xml:135:9-138:58
181            android:name="com.xipher.wrapper.ui.CreateChatActivity"
181-->src/main/AndroidManifest.xml:136:13-68
182            android:exported="false"
182-->src/main/AndroidManifest.xml:137:13-37
183            android:windowSoftInputMode="adjustResize" />
183-->src/main/AndroidManifest.xml:138:13-55
184        <activity
184-->src/main/AndroidManifest.xml:139:9-141:40
185            android:name="com.xipher.wrapper.ui.SettingsActivity"
185-->src/main/AndroidManifest.xml:140:13-66
186            android:exported="false" />
186-->src/main/AndroidManifest.xml:141:13-37
187        <activity
187-->src/main/AndroidManifest.xml:142:9-144:40
188            android:name="com.xipher.wrapper.ui.ChatThemeActivity"
188-->src/main/AndroidManifest.xml:143:13-67
189            android:exported="false" />
189-->src/main/AndroidManifest.xml:144:13-37
190        <activity
190-->src/main/AndroidManifest.xml:145:9-147:40
191            android:name="com.xipher.wrapper.ui.LocationShareActivity"
191-->src/main/AndroidManifest.xml:146:13-71
192            android:exported="false" />
192-->src/main/AndroidManifest.xml:147:13-37
193        <activity
193-->src/main/AndroidManifest.xml:148:9-150:40
194            android:name="com.xipher.wrapper.ui.MapActivity"
194-->src/main/AndroidManifest.xml:149:13-61
195            android:exported="false" />
195-->src/main/AndroidManifest.xml:150:13-37
196        <activity
196-->src/main/AndroidManifest.xml:151:9-157:43
197            android:name="com.xipher.wrapper.ui.CallActivity"
197-->src/main/AndroidManifest.xml:152:13-62
198            android:exported="false"
198-->src/main/AndroidManifest.xml:153:13-37
199            android:launchMode="singleTop"
199-->src/main/AndroidManifest.xml:154:13-43
200            android:screenOrientation="portrait"
200-->src/main/AndroidManifest.xml:155:13-49
201            android:showWhenLocked="true"
201-->src/main/AndroidManifest.xml:156:13-42
202            android:turnScreenOn="true" />
202-->src/main/AndroidManifest.xml:157:13-40
203
204        <service
204-->src/main/AndroidManifest.xml:159:9-165:19
205            android:name="com.xipher.wrapper.notifications.XipherFirebaseMessagingService"
205-->src/main/AndroidManifest.xml:160:13-91
206            android:exported="false" >
206-->src/main/AndroidManifest.xml:161:13-37
207            <intent-filter>
207-->src/main/AndroidManifest.xml:162:13-164:29
208                <action android:name="com.google.firebase.MESSAGING_EVENT" />
208-->src/main/AndroidManifest.xml:163:17-78
208-->src/main/AndroidManifest.xml:163:25-75
209            </intent-filter>
210        </service>
211        <service
211-->src/main/AndroidManifest.xml:167:9-174:19
212            android:name="com.xipher.wrapper.notifications.MyRuStoreService"
212-->src/main/AndroidManifest.xml:168:13-77
213            android:exported="true" >
213-->src/main/AndroidManifest.xml:169:13-36
214            <intent-filter>
214-->src/main/AndroidManifest.xml:171:13-173:29
215                <action android:name="ru.rustore.sdk.pushclient.MESSAGING_EVENT" />
215-->src/main/AndroidManifest.xml:172:17-84
215-->src/main/AndroidManifest.xml:172:25-81
216            </intent-filter>
217        </service>
218        <service
218-->src/main/AndroidManifest.xml:176:9-179:44
219            android:name="com.xipher.wrapper.notifications.NotificationsService"
219-->src/main/AndroidManifest.xml:177:13-81
220            android:exported="false"
220-->src/main/AndroidManifest.xml:178:13-37
221            android:stopWithTask="false" />
221-->src/main/AndroidManifest.xml:179:13-41
222        <service
222-->src/main/AndroidManifest.xml:181:9-184:56
223            android:name="com.xipher.wrapper.ui.LiveLocationService"
223-->src/main/AndroidManifest.xml:182:13-69
224            android:exported="false"
224-->src/main/AndroidManifest.xml:183:13-37
225            android:foregroundServiceType="location" />
225-->src/main/AndroidManifest.xml:184:13-53
226
227        <receiver
227-->src/main/AndroidManifest.xml:186:9-194:20
228            android:name="com.xipher.wrapper.notifications.AppStartReceiver"
228-->src/main/AndroidManifest.xml:187:13-77
229            android:exported="true" >
229-->src/main/AndroidManifest.xml:188:13-36
230            <intent-filter>
230-->src/main/AndroidManifest.xml:189:13-193:29
231                <action android:name="android.intent.action.BOOT_COMPLETED" />
231-->src/main/AndroidManifest.xml:190:17-79
231-->src/main/AndroidManifest.xml:190:25-76
232                <action android:name="android.intent.action.MY_PACKAGE_REPLACED" />
232-->src/main/AndroidManifest.xml:191:17-84
232-->src/main/AndroidManifest.xml:191:25-81
233                <action android:name="com.xipher.wrapper.action.START" />
233-->src/main/AndroidManifest.xml:192:17-74
233-->src/main/AndroidManifest.xml:192:25-71
234            </intent-filter>
235        </receiver>
236
237        <provider
238            android:name="androidx.core.content.FileProvider"
238-->src/main/AndroidManifest.xml:197:13-62
239            android:authorities="com.xipher.wrapper.fileprovider"
239-->src/main/AndroidManifest.xml:198:13-64
240            android:exported="false"
240-->src/main/AndroidManifest.xml:199:13-37
241            android:grantUriPermissions="true" >
241-->src/main/AndroidManifest.xml:200:13-47
242            <meta-data
242-->src/main/AndroidManifest.xml:201:13-203:54
243                android:name="android.support.FILE_PROVIDER_PATHS"
243-->src/main/AndroidManifest.xml:202:17-67
244                android:resource="@xml/file_paths" />
244-->src/main/AndroidManifest.xml:203:17-51
245        </provider>
246
247        <receiver
247-->[com.google.firebase:firebase-messaging:25.0.1] AndroidManifest.xml:29:9-40:20
248            android:name="com.google.firebase.iid.FirebaseInstanceIdReceiver"
248-->[com.google.firebase:firebase-messaging:25.0.1] AndroidManifest.xml:30:13-78
249            android:exported="true"
249-->[com.google.firebase:firebase-messaging:25.0.1] AndroidManifest.xml:31:13-36
250            android:permission="com.google.android.c2dm.permission.SEND" >
250-->[com.google.firebase:firebase-messaging:25.0.1] AndroidManifest.xml:32:13-73
251            <intent-filter>
251-->[com.google.firebase:firebase-messaging:25.0.1] AndroidManifest.xml:33:13-35:29
252                <action android:name="com.google.android.c2dm.intent.RECEIVE" />
252-->[com.google.firebase:firebase-messaging:25.0.1] AndroidManifest.xml:34:17-81
252-->[com.google.firebase:firebase-messaging:25.0.1] AndroidManifest.xml:34:25-78
253            </intent-filter>
254
255            <meta-data
255-->[com.google.firebase:firebase-messaging:25.0.1] AndroidManifest.xml:37:13-39:40
256                android:name="com.google.android.gms.cloudmessaging.FINISHED_AFTER_HANDLED"
256-->[com.google.firebase:firebase-messaging:25.0.1] AndroidManifest.xml:38:17-92
257                android:value="true" />
257-->[com.google.firebase:firebase-messaging:25.0.1] AndroidManifest.xml:39:17-37
258        </receiver>
259        <!--
260             FirebaseMessagingService performs security checks at runtime,
261             but set to not exported to explicitly avoid allowing another app to call it.
262        -->
263        <service
263-->[com.google.firebase:firebase-messaging:25.0.1] AndroidManifest.xml:46:9-53:19
264            android:name="com.google.firebase.messaging.FirebaseMessagingService"
264-->[com.google.firebase:firebase-messaging:25.0.1] AndroidManifest.xml:47:13-82
265            android:directBootAware="true"
265-->[com.google.firebase:firebase-messaging:25.0.1] AndroidManifest.xml:48:13-43
266            android:exported="false" >
266-->[com.google.firebase:firebase-messaging:25.0.1] AndroidManifest.xml:49:13-37
267            <intent-filter android:priority="-500" >
267-->src/main/AndroidManifest.xml:162:13-164:29
268                <action android:name="com.google.firebase.MESSAGING_EVENT" />
268-->src/main/AndroidManifest.xml:163:17-78
268-->src/main/AndroidManifest.xml:163:25-75
269            </intent-filter>
270        </service>
271        <service
271-->[com.google.firebase:firebase-messaging:25.0.1] AndroidManifest.xml:54:9-63:19
272            android:name="com.google.firebase.components.ComponentDiscoveryService"
272-->[com.google.firebase:firebase-messaging:25.0.1] AndroidManifest.xml:55:13-84
273            android:directBootAware="true"
273-->[com.google.firebase:firebase-common:22.0.1] AndroidManifest.xml:32:13-43
274            android:exported="false" >
274-->[com.google.firebase:firebase-messaging:25.0.1] AndroidManifest.xml:56:13-37
275            <meta-data
275-->[com.google.firebase:firebase-messaging:25.0.1] AndroidManifest.xml:57:13-59:85
276                android:name="com.google.firebase.components:com.google.firebase.messaging.FirebaseMessagingKtxRegistrar"
276-->[com.google.firebase:firebase-messaging:25.0.1] AndroidManifest.xml:58:17-122
277                android:value="com.google.firebase.components.ComponentRegistrar" />
277-->[com.google.firebase:firebase-messaging:25.0.1] AndroidManifest.xml:59:17-82
278            <meta-data
278-->[com.google.firebase:firebase-messaging:25.0.1] AndroidManifest.xml:60:13-62:85
279                android:name="com.google.firebase.components:com.google.firebase.messaging.FirebaseMessagingRegistrar"
279-->[com.google.firebase:firebase-messaging:25.0.1] AndroidManifest.xml:61:17-119
280                android:value="com.google.firebase.components.ComponentRegistrar" />
280-->[com.google.firebase:firebase-messaging:25.0.1] AndroidManifest.xml:62:17-82
281            <meta-data
281-->[com.google.firebase:firebase-installations:19.0.1] AndroidManifest.xml:15:13-17:85
282                android:name="com.google.firebase.components:com.google.firebase.installations.FirebaseInstallationsKtxRegistrar"
282-->[com.google.firebase:firebase-installations:19.0.1] AndroidManifest.xml:16:17-130
283                android:value="com.google.firebase.components.ComponentRegistrar" />
283-->[com.google.firebase:firebase-installations:19.0.1] AndroidManifest.xml:17:17-82
284            <meta-data
284-->[com.google.firebase:firebase-installations:19.0.1] AndroidManifest.xml:18:13-20:85
285                android:name="com.google.firebase.components:com.google.firebase.installations.FirebaseInstallationsRegistrar"
285-->[com.google.firebase:firebase-installations:19.0.1] AndroidManifest.xml:19:17-127
286                android:value="com.google.firebase.components.ComponentRegistrar" />
286-->[com.google.firebase:firebase-installations:19.0.1] AndroidManifest.xml:20:17-82
287            <meta-data
287-->[com.google.firebase:firebase-common:22.0.1] AndroidManifest.xml:35:13-37:85
288                android:name="com.google.firebase.components:com.google.firebase.FirebaseCommonKtxRegistrar"
288-->[com.google.firebase:firebase-common:22.0.1] AndroidManifest.xml:36:17-109
289                android:value="com.google.firebase.components.ComponentRegistrar" />
289-->[com.google.firebase:firebase-common:22.0.1] AndroidManifest.xml:37:17-82
290            <meta-data
290-->[com.google.firebase:firebase-datatransport:18.2.0] AndroidManifest.xml:25:13-27:85
291                android:name="com.google.firebase.components:com.google.firebase.datatransport.TransportRegistrar"
291-->[com.google.firebase:firebase-datatransport:18.2.0] AndroidManifest.xml:26:17-115
292                android:value="com.google.firebase.components.ComponentRegistrar" />
292-->[com.google.firebase:firebase-datatransport:18.2.0] AndroidManifest.xml:27:17-82
293        </service>
294
295        <receiver
295-->[ru.rustore.sdk:pushclient:7.0.0] AndroidManifest.xml:31:9-37:20
296            android:name="ru.rustore.sdk.pushclient.internal.arbiter.ArbiterBroadcastReceiver"
296-->[ru.rustore.sdk:pushclient:7.0.0] AndroidManifest.xml:32:13-95
297            android:exported="true" >
297-->[ru.rustore.sdk:pushclient:7.0.0] AndroidManifest.xml:33:13-36
298            <intent-filter>
298-->[ru.rustore.sdk:pushclient:7.0.0] AndroidManifest.xml:34:13-36:29
299                <action android:name="com.vk.push.ACTION_MASTER_HOST_UPDATE" />
299-->[ru.rustore.sdk:pushclient:7.0.0] AndroidManifest.xml:35:17-80
299-->[ru.rustore.sdk:pushclient:7.0.0] AndroidManifest.xml:35:25-77
300            </intent-filter>
301        </receiver>
302        <!--
303        Service for holding metadata. Cannot be instantiated.
304        Metadata will be merged from other manifests.
305        -->
306        <service
306-->[androidx.camera:camera-core:1.4.0] AndroidManifest.xml:29:9-33:78
307            android:name="androidx.camera.core.impl.MetadataHolderService"
307-->[androidx.camera:camera-core:1.4.0] AndroidManifest.xml:30:13-75
308            android:enabled="false"